<?xml version="1.0" encoding="UTF-8"?>
<!-- Generated by org.testng.reporters.JUnitReportReporter -->
<testsuite skipped="0" hostname="mirjana" name="ForgotPasswordTest" tests="1" failures="0" timestamp="28 Jul 2020 13:36:42 GMT" time="9.099" errors="0">
  <testcase name="testChangePassword" time="9.099" classname="ForgotPasswordTest"/>
</testsuite> <!-- ForgotPasswordTest -->
