<?xml version="1.0" encoding="UTF-8"?>
<!-- Generated by org.testng.reporters.JUnitReportReporter -->
<testsuite skipped="0" hostname="mirjana" name="LoginTest" tests="4" failures="0" timestamp="28 Jul 2020 13:36:42 GMT" time="24.970" errors="0">
  <testcase name="testLoginLogout" time="6.988" classname="LoginTest"/>
  <testcase name="testLoginWithWrongPassword" time="6.207" classname="LoginTest"/>
  <testcase name="testLoginWithWrongUsername" time="5.897" classname="LoginTest"/>
  <testcase name="testLoginWithoutCredentials" time="5.878" classname="LoginTest"/>
</testsuite> <!-- LoginTest -->
