<?xml version="1.0" encoding="UTF-8"?>
<!-- Generated by org.testng.reporters.JUnitReportReporter -->
<testsuite skipped="0" hostname="mirjana" name="UseCaseTest" tests="2" failures="0" timestamp="28 Jul 2020 13:36:42 GMT" time="32.836" errors="0">
  <testcase name="testUpdateUseCaseFields" time="11.408" classname="UseCaseTest"/>
  <testcase name="testCreate4UseCases" time="21.428" classname="UseCaseTest"/>
</testsuite> <!-- UseCaseTest -->
