<?xml version="1.0" encoding="UTF-8"?>
<!-- Generated by org.testng.reporters.JUnitReportReporter -->
<testsuite skipped="0" hostname="mirjana" name="RestAPITest" tests="6" failures="0" timestamp="28 Jul 2020 13:36:42 GMT" time="31.491" errors="0">
  <testcase name="testPOSTLoginWithInvalidPassword" time="4.281" classname="RestAPITest"/>
  <testcase name="testGETAllUseCases" time="4.911" classname="RestAPITest"/>
  <testcase name="testPOSTLogin" time="4.770" classname="RestAPITest"/>
  <testcase name="testDELETEUseCase" time="8.248" classname="RestAPITest"/>
  <testcase name="testPOSTLoginWithWrongEmail" time="4.295" classname="RestAPITest"/>
  <testcase name="testPOSTCreateUseCase" time="4.986" classname="RestAPITest"/>
</testsuite> <!-- RestAPITest -->
